0 info it worked if it ends with ok
1 verbose cli [ '/usr/local/bin/node',
1 verbose cli   '/usr/local/bin/npm',
1 verbose cli   'install',
1 verbose cli   'echarts',
1 verbose cli   '--save' ]
2 info using npm@3.8.0
3 info using node@v5.6.0
4 verbose config Skipping project config: /Users/michael/.npmrc. (matches userconfig)
5 silly loadCurrentTree Starting
6 silly install loadCurrentTree
7 silly install readLocalPackageData
8 silly fetchPackageMetaData echarts
9 silly fetchNamedPackageData echarts
10 silly mapToRegistry name echarts
11 silly mapToRegistry using default registry
12 silly mapToRegistry registry https://registry.npmjs.org/
13 silly mapToRegistry uri https://registry.npmjs.org/echarts
14 verbose request uri https://registry.npmjs.org/echarts
15 verbose request no auth needed
16 info attempt registry request try #1 at 10:41:35 AM
17 verbose request id 0959098a223526ff
18 http request GET https://registry.npmjs.org/echarts
19 http 200 https://registry.npmjs.org/echarts
20 verbose headers { server: 'CouchDB/1.5.0 (Erlang OTP/R16B03)',
20 verbose headers   etag: '"9GHHVDQQD6EMJKJMKYGRPSOR"',
20 verbose headers   'content-type': 'application/json',
20 verbose headers   'cache-control': 'max-age=300',
20 verbose headers   'content-length': '28329',
20 verbose headers   'accept-ranges': 'bytes',
20 verbose headers   date: 'Thu, 21 Apr 2016 02:41:36 GMT',
20 verbose headers   via: '1.1 varnish',
20 verbose headers   age: '0',
20 verbose headers   connection: 'keep-alive',
20 verbose headers   'x-served-by': 'cache-nrt6128-NRT',
20 verbose headers   'x-cache': 'HIT',
20 verbose headers   'x-cache-hits': '1',
20 verbose headers   'x-timer': 'S1461206496.291787,VS0,VE507',
20 verbose headers   vary: 'Accept-Encoding' }
21 silly get cb [ 200,
21 silly get   { server: 'CouchDB/1.5.0 (Erlang OTP/R16B03)',
21 silly get     etag: '"9GHHVDQQD6EMJKJMKYGRPSOR"',
21 silly get     'content-type': 'application/json',
21 silly get     'cache-control': 'max-age=300',
21 silly get     'content-length': '28329',
21 silly get     'accept-ranges': 'bytes',
21 silly get     date: 'Thu, 21 Apr 2016 02:41:36 GMT',
21 silly get     via: '1.1 varnish',
21 silly get     age: '0',
21 silly get     connection: 'keep-alive',
21 silly get     'x-served-by': 'cache-nrt6128-NRT',
21 silly get     'x-cache': 'HIT',
21 silly get     'x-cache-hits': '1',
21 silly get     'x-timer': 'S1461206496.291787,VS0,VE507',
21 silly get     vary: 'Accept-Encoding' } ]
22 verbose get saving echarts to /Users/michael/.npm/registry.npmjs.org/echarts/.cache.json
23 verbose correctMkdir /Users/michael/.npm correctMkdir not in flight; initializing
24 silly install normalizeTree
25 silly loadCurrentTree Finishing
26 silly loadIdealTree Starting
27 silly install loadIdealTree
28 silly cloneCurrentTree Starting
29 silly install cloneCurrentTreeToIdealTree
30 silly cloneCurrentTree Finishing
31 silly loadShrinkwrap Starting
32 silly install loadShrinkwrap
33 silly loadShrinkwrap Finishing
34 silly loadAllDepsIntoIdealTree Starting
35 silly install loadAllDepsIntoIdealTree
36 silly resolveWithNewModule echarts@3.1.6 checking installable status
37 silly cache add args [ 'echarts', null ]
38 verbose cache add spec echarts
39 silly cache add parsed spec Result {
39 silly cache add   raw: 'echarts',
39 silly cache add   scope: null,
39 silly cache add   name: 'echarts',
39 silly cache add   rawSpec: '',
39 silly cache add   spec: 'latest',
39 silly cache add   type: 'tag' }
40 silly addNamed echarts@latest
41 verbose addNamed "latest" is being treated as a dist-tag for echarts
42 info addNameTag [ 'echarts', 'latest' ]
43 silly mapToRegistry name echarts
44 silly mapToRegistry using default registry
45 silly mapToRegistry registry https://registry.npmjs.org/
46 silly mapToRegistry uri https://registry.npmjs.org/echarts
47 verbose addNameTag registry:https://registry.npmjs.org/echarts not in flight; fetching
48 verbose get https://registry.npmjs.org/echarts not expired, no request
49 silly addNameTag next cb for echarts with tag latest
50 silly addNamed echarts@3.1.6
51 verbose addNamed "3.1.6" is a plain semver version for echarts
52 silly mapToRegistry name echarts
53 silly mapToRegistry using default registry
54 silly mapToRegistry registry https://registry.npmjs.org/
55 silly mapToRegistry uri https://registry.npmjs.org/echarts
56 verbose addRemoteTarball https://registry.npmjs.org/echarts/-/echarts-3.1.6.tgz not in flight; adding
57 verbose addRemoteTarball [ 'https://registry.npmjs.org/echarts/-/echarts-3.1.6.tgz',
57 verbose addRemoteTarball   'b619c12c2e2917cafae4f592d8250a6368657b77' ]
58 info retry fetch attempt 1 at 10:41:38 AM
59 info attempt registry request try #1 at 10:41:38 AM
60 http fetch GET https://registry.npmjs.org/echarts/-/echarts-3.1.6.tgz
61 http fetch 200 https://registry.npmjs.org/echarts/-/echarts-3.1.6.tgz
62 silly fetchAndShaCheck shasum b619c12c2e2917cafae4f592d8250a6368657b77
63 verbose addTmpTarball /var/folders/tg/3wrf6dws66x773v7kkl02g_m0000gn/T/npm-994-502d5f74/registry.npmjs.org/echarts/-/echarts-3.1.6.tgz not in flight; adding
64 verbose addTmpTarball already have metadata; skipping unpack for echarts@3.1.6
65 verbose correctMkdir /Users/michael/.npm correctMkdir not in flight; initializing
66 silly cache afterAdd echarts@3.1.6
67 verbose afterAdd /Users/michael/.npm/echarts/3.1.6/package/package.json not in flight; writing
68 verbose correctMkdir /Users/michael/.npm correctMkdir not in flight; initializing
69 verbose afterAdd /Users/michael/.npm/echarts/3.1.6/package/package.json written
70 silly fetchNamedPackageData zrender
71 silly mapToRegistry name zrender
72 silly mapToRegistry using default registry
73 silly mapToRegistry registry https://registry.npmjs.org/
74 silly mapToRegistry uri https://registry.npmjs.org/zrender
75 verbose request uri https://registry.npmjs.org/zrender
76 verbose request no auth needed
77 info attempt registry request try #1 at 10:42:52 AM
78 http request GET https://registry.npmjs.org/zrender
79 http 200 https://registry.npmjs.org/zrender
80 verbose headers { server: 'CouchDB/1.5.0 (Erlang OTP/R16B03)',
80 verbose headers   etag: '"BE1ZQ1PE670E917JB4W3TDQTO"',
80 verbose headers   'content-type': 'application/json',
80 verbose headers   'cache-control': 'max-age=300',
80 verbose headers   'content-length': '11045',
80 verbose headers   'accept-ranges': 'bytes',
80 verbose headers   date: 'Thu, 21 Apr 2016 02:42:52 GMT',
80 verbose headers   via: '1.1 varnish',
80 verbose headers   age: '0',
80 verbose headers   connection: 'keep-alive',
80 verbose headers   'x-served-by': 'cache-nrt6129-NRT',
80 verbose headers   'x-cache': 'MISS',
80 verbose headers   'x-cache-hits': '0',
80 verbose headers   'x-timer': 'S1461206572.286806,VS0,VE180',
80 verbose headers   vary: 'Accept-Encoding' }
81 silly get cb [ 200,
81 silly get   { server: 'CouchDB/1.5.0 (Erlang OTP/R16B03)',
81 silly get     etag: '"BE1ZQ1PE670E917JB4W3TDQTO"',
81 silly get     'content-type': 'application/json',
81 silly get     'cache-control': 'max-age=300',
81 silly get     'content-length': '11045',
81 silly get     'accept-ranges': 'bytes',
81 silly get     date: 'Thu, 21 Apr 2016 02:42:52 GMT',
81 silly get     via: '1.1 varnish',
81 silly get     age: '0',
81 silly get     connection: 'keep-alive',
81 silly get     'x-served-by': 'cache-nrt6129-NRT',
81 silly get     'x-cache': 'MISS',
81 silly get     'x-cache-hits': '0',
81 silly get     'x-timer': 'S1461206572.286806,VS0,VE180',
81 silly get     vary: 'Accept-Encoding' } ]
82 verbose get saving zrender to /Users/michael/.npm/registry.npmjs.org/zrender/.cache.json
83 verbose correctMkdir /Users/michael/.npm correctMkdir not in flight; initializing
84 silly resolveWithNewModule zrender@3.0.7 checking installable status
85 silly cache add args [ 'zrender@^3.0.7', null ]
86 verbose cache add spec zrender@^3.0.7
87 silly cache add parsed spec Result {
87 silly cache add   raw: 'zrender@^3.0.7',
87 silly cache add   scope: null,
87 silly cache add   name: 'zrender',
87 silly cache add   rawSpec: '^3.0.7',
87 silly cache add   spec: '>=3.0.7 <4.0.0',
87 silly cache add   type: 'range' }
88 silly addNamed zrender@>=3.0.7 <4.0.0
89 verbose addNamed ">=3.0.7 <4.0.0" is a valid semver range for zrender
90 silly addNameRange { name: 'zrender', range: '>=3.0.7 <4.0.0', hasData: false }
91 silly mapToRegistry name zrender
92 silly mapToRegistry using default registry
93 silly mapToRegistry registry https://registry.npmjs.org/
94 silly mapToRegistry uri https://registry.npmjs.org/zrender
95 verbose addNameRange registry:https://registry.npmjs.org/zrender not in flight; fetching
96 verbose get https://registry.npmjs.org/zrender not expired, no request
97 silly addNameRange number 2 { name: 'zrender', range: '>=3.0.7 <4.0.0', hasData: true }
98 silly addNameRange versions [ 'zrender',
98 silly addNameRange   [ '2.0.2',
98 silly addNameRange     '3.0.0',
98 silly addNameRange     '3.0.1',
98 silly addNameRange     '3.0.2',
98 silly addNameRange     '3.0.3',
98 silly addNameRange     '3.0.4',
98 silly addNameRange     '3.0.5',
98 silly addNameRange     '3.0.6',
98 silly addNameRange     '3.0.7' ] ]
99 silly addNamed zrender@3.0.7
100 verbose addNamed "3.0.7" is a plain semver version for zrender
101 silly mapToRegistry name zrender
102 silly mapToRegistry using default registry
103 silly mapToRegistry registry https://registry.npmjs.org/
104 silly mapToRegistry uri https://registry.npmjs.org/zrender
105 verbose addRemoteTarball https://registry.npmjs.org/zrender/-/zrender-3.0.7.tgz not in flight; adding
106 verbose addRemoteTarball [ 'https://registry.npmjs.org/zrender/-/zrender-3.0.7.tgz',
106 verbose addRemoteTarball   '440c1c73eab2a63d1cd8f7a10964cb4e8690b641' ]
107 info retry fetch attempt 1 at 10:42:52 AM
108 info attempt registry request try #1 at 10:42:52 AM
109 http fetch GET https://registry.npmjs.org/zrender/-/zrender-3.0.7.tgz
110 http fetch 200 https://registry.npmjs.org/zrender/-/zrender-3.0.7.tgz
111 silly fetchAndShaCheck shasum 440c1c73eab2a63d1cd8f7a10964cb4e8690b641
112 verbose addTmpTarball /var/folders/tg/3wrf6dws66x773v7kkl02g_m0000gn/T/npm-994-502d5f74/registry.npmjs.org/zrender/-/zrender-3.0.7.tgz not in flight; adding
113 verbose addTmpTarball already have metadata; skipping unpack for zrender@3.0.7
114 verbose correctMkdir /Users/michael/.npm correctMkdir not in flight; initializing
115 silly cache afterAdd zrender@3.0.7
116 verbose afterAdd /Users/michael/.npm/zrender/3.0.7/package/package.json not in flight; writing
117 verbose correctMkdir /Users/michael/.npm correctMkdir not in flight; initializing
118 verbose afterAdd /Users/michael/.npm/zrender/3.0.7/package/package.json written
119 silly loadAllDepsIntoIdealTree Finishing
120 silly idealTree:prePrune michael
120 silly idealTree:prePrune ├── accepts@1.2.13
120 silly idealTree:prePrune ├── acorn@1.2.2
120 silly idealTree:prePrune ├── amdefine@1.0.0
120 silly idealTree:prePrune ├── ansi-regex@2.0.0
120 silly idealTree:prePrune ├── ansi-styles@2.2.0
120 silly idealTree:prePrune ├── anymatch@1.3.0
120 silly idealTree:prePrune ├── arr-diff@2.0.0
120 silly idealTree:prePrune ├── arr-flatten@1.0.1
120 silly idealTree:prePrune ├── array-filter@0.0.1
120 silly idealTree:prePrune ├── array-flatten@1.1.1
120 silly idealTree:prePrune ├── array-map@0.0.0
120 silly idealTree:prePrune ├── array-reduce@0.0.0
120 silly idealTree:prePrune ├── array-unique@0.2.1
120 silly idealTree:prePrune ├── arrify@1.0.1
120 silly idealTree:prePrune ├── asap@2.0.3
120 silly idealTree:prePrune ├── asn1.js@4.5.1
120 silly idealTree:prePrune ├── assert@1.3.0
120 silly idealTree:prePrune ├── astw@2.0.0
120 silly idealTree:prePrune ├── async-each@1.0.0
120 silly idealTree:prePrune ├── babel-code-frame@6.6.0
120 silly idealTree:prePrune ├── babel-core@6.6.4
120 silly idealTree:prePrune ├── babel-generator@6.6.4
120 silly idealTree:prePrune ├─┬ babel-helper-builder-react-jsx@6.6.5
120 silly idealTree:prePrune │ ├── babel-code-frame@6.7.4
120 silly idealTree:prePrune │ ├── babel-messages@6.7.2
120 silly idealTree:prePrune │ ├── babel-traverse@6.7.4
120 silly idealTree:prePrune │ ├── babel-types@6.7.2
120 silly idealTree:prePrune │ └── babylon@6.7.0
120 silly idealTree:prePrune ├── babel-helpers@6.6.0
120 silly idealTree:prePrune ├── babel-messages@6.6.0
120 silly idealTree:prePrune ├── babel-plugin-syntax-flow@6.5.0
120 silly idealTree:prePrune ├── babel-plugin-syntax-jsx@6.5.0
120 silly idealTree:prePrune ├── babel-plugin-transform-flow-strip-types@6.7.0
120 silly idealTree:prePrune ├── babel-plugin-transform-react-display-name@6.5.0
120 silly idealTree:prePrune ├── babel-plugin-transform-react-jsx-source@6.5.0
120 silly idealTree:prePrune ├── babel-plugin-transform-react-jsx@6.7.4
120 silly idealTree:prePrune ├── babel-preset-react@6.5.0
120 silly idealTree:prePrune ├─┬ babel-register@6.6.0
120 silly idealTree:prePrune │ └── core-js@2.1.3
120 silly idealTree:prePrune ├── babel-runtime@5.8.35
120 silly idealTree:prePrune ├── babel-template@6.6.4
120 silly idealTree:prePrune ├── babel-traverse@6.6.4
120 silly idealTree:prePrune ├── babel-types@6.6.4
120 silly idealTree:prePrune ├── babelify@7.2.0
120 silly idealTree:prePrune ├── babylon@6.6.4
120 silly idealTree:prePrune ├── balanced-match@0.3.0
120 silly idealTree:prePrune ├── base62@0.1.1
120 silly idealTree:prePrune ├── base64-js@1.1.1
120 silly idealTree:prePrune ├── binary-extensions@1.4.0
120 silly idealTree:prePrune ├── bn.js@4.10.5
120 silly idealTree:prePrune ├── brace-expansion@1.1.3
120 silly idealTree:prePrune ├── braces@1.8.3
120 silly idealTree:prePrune ├── brorand@1.0.5
120 silly idealTree:prePrune ├── browser-pack@6.0.1
120 silly idealTree:prePrune ├── browser-resolve@1.11.1
120 silly idealTree:prePrune ├── browserify-aes@1.0.6
120 silly idealTree:prePrune ├── browserify-cipher@1.0.0
120 silly idealTree:prePrune ├── browserify-des@1.0.0
120 silly idealTree:prePrune ├── browserify-rsa@4.0.1
120 silly idealTree:prePrune ├── browserify-sign@4.0.0
120 silly idealTree:prePrune ├── browserify-zlib@0.1.4
120 silly idealTree:prePrune ├── browserify@13.0.0
120 silly idealTree:prePrune ├── buffer-xor@1.0.3
120 silly idealTree:prePrune ├─┬ buffer@4.5.0
120 silly idealTree:prePrune │ └── isarray@1.0.0
120 silly idealTree:prePrune ├── builtin-status-codes@2.0.0
120 silly idealTree:prePrune ├── chalk@1.1.1
120 silly idealTree:prePrune ├── chokidar@1.4.3
120 silly idealTree:prePrune ├── cipher-base@1.0.2
120 silly idealTree:prePrune ├── color-convert@1.0.0
120 silly idealTree:prePrune ├─┬ combine-source-map@0.7.1
120 silly idealTree:prePrune │ ├── convert-source-map@1.1.3
120 silly idealTree:prePrune │ └── source-map@0.4.2
120 silly idealTree:prePrune ├── concat-map@0.0.1
120 silly idealTree:prePrune ├── concat-stream@1.5.1
120 silly idealTree:prePrune ├── console-browserify@1.1.0
120 silly idealTree:prePrune ├── constants-browserify@1.0.0
120 silly idealTree:prePrune ├── content-disposition@0.5.1
120 silly idealTree:prePrune ├── content-type@1.0.1
120 silly idealTree:prePrune ├── convert-source-map@1.2.0
120 silly idealTree:prePrune ├── cookie-signature@1.0.6
120 silly idealTree:prePrune ├── cookie@0.1.5
120 silly idealTree:prePrune ├── core-js@1.2.6
120 silly idealTree:prePrune ├── core-util-is@1.0.2
120 silly idealTree:prePrune ├── create-ecdh@4.0.0
120 silly idealTree:prePrune ├── create-hash@1.1.2
120 silly idealTree:prePrune ├── create-hmac@1.1.4
120 silly idealTree:prePrune ├── crypto-browserify@3.11.0
120 silly idealTree:prePrune ├── date-now@0.1.4
120 silly idealTree:prePrune ├── debug@2.2.0
120 silly idealTree:prePrune ├── defined@1.0.0
120 silly idealTree:prePrune ├── depd@1.1.0
120 silly idealTree:prePrune ├── deps-sort@2.0.0
120 silly idealTree:prePrune ├── des.js@1.0.0
120 silly idealTree:prePrune ├── destroy@1.0.4
120 silly idealTree:prePrune ├── detect-indent@3.0.1
120 silly idealTree:prePrune ├── detective@4.3.1
120 silly idealTree:prePrune ├── diffie-hellman@5.0.2
120 silly idealTree:prePrune ├── domain-browser@1.1.7
120 silly idealTree:prePrune ├── duplexer2@0.1.4
120 silly idealTree:prePrune ├── echarts@3.1.6
120 silly idealTree:prePrune ├── ee-first@1.1.1
120 silly idealTree:prePrune ├── elliptic@6.2.3
120 silly idealTree:prePrune ├── envify@3.4.0
120 silly idealTree:prePrune ├── escape-html@1.0.3
120 silly idealTree:prePrune ├── escape-string-regexp@1.0.5
120 silly idealTree:prePrune ├── esprima-fb@13001.1001.0-dev-harmony-fb
120 silly idealTree:prePrune ├── esutils@2.0.2
120 silly idealTree:prePrune ├── etag@1.7.0
120 silly idealTree:prePrune ├── events@1.1.0
120 silly idealTree:prePrune ├── evp_bytestokey@1.0.0
120 silly idealTree:prePrune ├── expand-brackets@0.1.4
120 silly idealTree:prePrune ├── expand-range@1.8.1
120 silly idealTree:prePrune ├── express@4.13.4
120 silly idealTree:prePrune ├── extglob@0.3.2
120 silly idealTree:prePrune ├── fbjs@0.6.1
120 silly idealTree:prePrune ├── filename-regex@2.0.0
120 silly idealTree:prePrune ├── fill-range@2.2.3
120 silly idealTree:prePrune ├── finalhandler@0.4.1
120 silly idealTree:prePrune ├── for-in@0.1.4
120 silly idealTree:prePrune ├── for-own@0.1.3
120 silly idealTree:prePrune ├── formidable@1.0.17
120 silly idealTree:prePrune ├── forwarded@0.1.0
120 silly idealTree:prePrune ├── fresh@0.3.0
120 silly idealTree:prePrune ├─┬ fsevents@1.0.8
120 silly idealTree:prePrune │ ├── ansi-regex@2.0.0
120 silly idealTree:prePrune │ ├── ansi-styles@2.1.0
120 silly idealTree:prePrune │ ├── ansi@0.3.1
120 silly idealTree:prePrune │ ├── are-we-there-yet@1.0.6
120 silly idealTree:prePrune │ ├── asn1@0.2.3
120 silly idealTree:prePrune │ ├── assert-plus@0.2.0
120 silly idealTree:prePrune │ ├── async@1.5.2
120 silly idealTree:prePrune │ ├── aws-sign2@0.6.0
120 silly idealTree:prePrune │ ├─┬ aws4@1.2.1
120 silly idealTree:prePrune │ │ └── lru-cache@2.7.3
120 silly idealTree:prePrune │ ├── bl@1.0.2
120 silly idealTree:prePrune │ ├── block-stream@0.0.8
120 silly idealTree:prePrune │ ├── boom@2.10.1
120 silly idealTree:prePrune │ ├── caseless@0.11.0
120 silly idealTree:prePrune │ ├── chalk@1.1.1
120 silly idealTree:prePrune │ ├── combined-stream@1.0.5
120 silly idealTree:prePrune │ ├── commander@2.9.0
120 silly idealTree:prePrune │ ├── core-util-is@1.0.2
120 silly idealTree:prePrune │ ├── cryptiles@2.0.5
120 silly idealTree:prePrune │ ├── dashdash@1.12.2
120 silly idealTree:prePrune │ ├── debug@2.2.0
120 silly idealTree:prePrune │ ├── deep-extend@0.4.1
120 silly idealTree:prePrune │ ├── delayed-stream@1.0.0
120 silly idealTree:prePrune │ ├── delegates@1.0.0
120 silly idealTree:prePrune │ ├── ecc-jsbn@0.1.1
120 silly idealTree:prePrune │ ├── escape-string-regexp@1.0.4
120 silly idealTree:prePrune │ ├── extend@3.0.0
120 silly idealTree:prePrune │ ├── extsprintf@1.0.2
120 silly idealTree:prePrune │ ├── forever-agent@0.6.1
120 silly idealTree:prePrune │ ├── form-data@1.0.0-rc3
120 silly idealTree:prePrune │ ├─┬ fstream-ignore@1.0.3
120 silly idealTree:prePrune │ │ └─┬ minimatch@3.0.0
120 silly idealTree:prePrune │ │   └─┬ brace-expansion@1.1.2
120 silly idealTree:prePrune │ │     ├── balanced-match@0.3.0
120 silly idealTree:prePrune │ │     └── concat-map@0.0.1
120 silly idealTree:prePrune │ ├── fstream@1.0.8
120 silly idealTree:prePrune │ ├── gauge@1.2.5
120 silly idealTree:prePrune │ ├── generate-function@2.0.0
120 silly idealTree:prePrune │ ├── generate-object-property@1.2.0
120 silly idealTree:prePrune │ ├── graceful-fs@4.1.3
120 silly idealTree:prePrune │ ├── graceful-readlink@1.0.1
120 silly idealTree:prePrune │ ├── har-validator@2.0.6
120 silly idealTree:prePrune │ ├── has-ansi@2.0.0
120 silly idealTree:prePrune │ ├── has-unicode@2.0.0
120 silly idealTree:prePrune │ ├── hawk@3.1.3
120 silly idealTree:prePrune │ ├── hoek@2.16.3
120 silly idealTree:prePrune │ ├── http-signature@1.1.1
120 silly idealTree:prePrune │ ├── inherits@2.0.1
120 silly idealTree:prePrune │ ├── ini@1.3.4
120 silly idealTree:prePrune │ ├── is-my-json-valid@2.12.4
120 silly idealTree:prePrune │ ├── is-property@1.0.2
120 silly idealTree:prePrune │ ├── is-typedarray@1.0.0
120 silly idealTree:prePrune │ ├── isarray@0.0.1
120 silly idealTree:prePrune │ ├── isstream@0.1.2
120 silly idealTree:prePrune │ ├── jodid25519@1.0.2
120 silly idealTree:prePrune │ ├── jsbn@0.1.0
120 silly idealTree:prePrune │ ├── json-schema@0.2.2
120 silly idealTree:prePrune │ ├── json-stringify-safe@5.0.1
120 silly idealTree:prePrune │ ├── jsonpointer@2.0.0
120 silly idealTree:prePrune │ ├── jsprim@1.2.2
120 silly idealTree:prePrune │ ├── lodash._basetostring@3.0.1
120 silly idealTree:prePrune │ ├── lodash._createpadding@3.6.1
120 silly idealTree:prePrune │ ├── lodash._root@3.0.0
120 silly idealTree:prePrune │ ├── lodash.pad@3.3.0
120 silly idealTree:prePrune │ ├── lodash.padleft@3.1.1
120 silly idealTree:prePrune │ ├── lodash.padright@3.1.1
120 silly idealTree:prePrune │ ├── lodash.repeat@3.2.0
120 silly idealTree:prePrune │ ├── mime-db@1.21.0
120 silly idealTree:prePrune │ ├── mime-types@2.1.9
120 silly idealTree:prePrune │ ├── minimist@0.0.8
120 silly idealTree:prePrune │ ├── mkdirp@0.5.1
120 silly idealTree:prePrune │ ├── ms@0.7.1
120 silly idealTree:prePrune │ ├─┬ node-pre-gyp@0.6.21
120 silly idealTree:prePrune │ │ └─┬ nopt@3.0.6
120 silly idealTree:prePrune │ │   └── abbrev@1.0.7
120 silly idealTree:prePrune │ ├── node-uuid@1.4.7
120 silly idealTree:prePrune │ ├── npmlog@2.0.2
120 silly idealTree:prePrune │ ├── oauth-sign@0.8.1
120 silly idealTree:prePrune │ ├── once@1.3.3
120 silly idealTree:prePrune │ ├── pinkie-promise@2.0.0
120 silly idealTree:prePrune │ ├── pinkie@2.0.4
120 silly idealTree:prePrune │ ├── process-nextick-args@1.0.6
120 silly idealTree:prePrune │ ├── qs@6.0.2
120 silly idealTree:prePrune │ ├─┬ rc@1.1.6
120 silly idealTree:prePrune │ │ └── minimist@1.2.0
120 silly idealTree:prePrune │ ├── readable-stream@2.0.5
120 silly idealTree:prePrune │ ├── request@2.69.0
120 silly idealTree:prePrune │ ├─┬ rimraf@2.5.1
120 silly idealTree:prePrune │ │ └─┬ glob@6.0.4
120 silly idealTree:prePrune │ │   ├─┬ inflight@1.0.4
120 silly idealTree:prePrune │ │   │ └── wrappy@1.0.1
120 silly idealTree:prePrune │ │   ├── inherits@2.0.1
120 silly idealTree:prePrune │ │   ├─┬ minimatch@3.0.0
120 silly idealTree:prePrune │ │   │ └─┬ brace-expansion@1.1.2
120 silly idealTree:prePrune │ │   │   ├── balanced-match@0.3.0
120 silly idealTree:prePrune │ │   │   └── concat-map@0.0.1
120 silly idealTree:prePrune │ │   ├─┬ once@1.3.3
120 silly idealTree:prePrune │ │   │ └── wrappy@1.0.1
120 silly idealTree:prePrune │ │   └── path-is-absolute@1.0.0
120 silly idealTree:prePrune │ ├── semver@5.1.0
120 silly idealTree:prePrune │ ├── sntp@1.0.9
120 silly idealTree:prePrune │ ├── sshpk@1.7.3
120 silly idealTree:prePrune │ ├── string_decoder@0.10.31
120 silly idealTree:prePrune │ ├── stringstream@0.0.5
120 silly idealTree:prePrune │ ├── strip-ansi@3.0.0
120 silly idealTree:prePrune │ ├── strip-json-comments@1.0.4
120 silly idealTree:prePrune │ ├── supports-color@2.0.0
120 silly idealTree:prePrune │ ├── tar-pack@3.1.3
120 silly idealTree:prePrune │ ├── tar@2.2.1
120 silly idealTree:prePrune │ ├── tough-cookie@2.2.1
120 silly idealTree:prePrune │ ├── tunnel-agent@0.4.2
120 silly idealTree:prePrune │ ├── tweetnacl@0.13.3
120 silly idealTree:prePrune │ ├── uid-number@0.0.6
120 silly idealTree:prePrune │ ├── util-deprecate@1.0.2
120 silly idealTree:prePrune │ ├── verror@1.3.6
120 silly idealTree:prePrune │ ├── wrappy@1.0.1
120 silly idealTree:prePrune │ └── xtend@4.0.1
120 silly idealTree:prePrune ├── function-bind@1.1.0
120 silly idealTree:prePrune ├── get-stdin@4.0.1
120 silly idealTree:prePrune ├── glob-base@0.3.0
120 silly idealTree:prePrune ├── glob-parent@2.0.0
120 silly idealTree:prePrune ├── glob@5.0.15
120 silly idealTree:prePrune ├── globals@8.18.0
120 silly idealTree:prePrune ├── graceful-fs@4.1.3
120 silly idealTree:prePrune ├── has-ansi@2.0.0
120 silly idealTree:prePrune ├── has@1.0.1
120 silly idealTree:prePrune ├── hash.js@1.0.3
120 silly idealTree:prePrune ├── home-or-tmp@1.0.0
120 silly idealTree:prePrune ├── htmlescape@1.1.0
120 silly idealTree:prePrune ├── http-errors@1.3.1
120 silly idealTree:prePrune ├── https-browserify@0.0.1
120 silly idealTree:prePrune ├── ieee754@1.1.6
120 silly idealTree:prePrune ├── indexof@0.0.1
120 silly idealTree:prePrune ├── inflight@1.0.4
120 silly idealTree:prePrune ├── inherits@2.0.1
120 silly idealTree:prePrune ├─┬ inline-source-map@0.6.1
120 silly idealTree:prePrune │ └── source-map@0.4.4
120 silly idealTree:prePrune ├── insert-module-globals@7.0.1
120 silly idealTree:prePrune ├── invariant@2.2.0
120 silly idealTree:prePrune ├── ipaddr.js@1.0.5
120 silly idealTree:prePrune ├── is-binary-path@1.0.1
120 silly idealTree:prePrune ├── is-buffer@1.1.2
120 silly idealTree:prePrune ├── is-dotfile@1.0.2
120 silly idealTree:prePrune ├── is-equal-shallow@0.1.3
120 silly idealTree:prePrune ├── is-extendable@0.1.1
120 silly idealTree:prePrune ├── is-extglob@1.0.0
120 silly idealTree:prePrune ├── is-finite@1.0.1
120 silly idealTree:prePrune ├── is-glob@2.0.1
120 silly idealTree:prePrune ├── is-integer@1.0.6
120 silly idealTree:prePrune ├── is-number@2.1.0
120 silly idealTree:prePrune ├── is-primitive@2.0.0
120 silly idealTree:prePrune ├── isarray@0.0.1
120 silly idealTree:prePrune ├── isobject@2.0.0
120 silly idealTree:prePrune ├── js-tokens@1.0.2
120 silly idealTree:prePrune ├── json-stable-stringify@0.0.1
120 silly idealTree:prePrune ├── json5@0.4.0
120 silly idealTree:prePrune ├── jsonify@0.0.0
120 silly idealTree:prePrune ├── jsonparse@1.2.0
120 silly idealTree:prePrune ├── JSONStream@1.1.1
120 silly idealTree:prePrune ├─┬ jstransform@10.1.0
120 silly idealTree:prePrune │ └── source-map@0.1.31
120 silly idealTree:prePrune ├── kind-of@3.0.2
120 silly idealTree:prePrune ├── labeled-stream-splicer@2.0.0
120 silly idealTree:prePrune ├── left-pad@0.0.3
120 silly idealTree:prePrune ├── lexical-scope@1.2.0
120 silly idealTree:prePrune ├── line-numbers@0.2.0
120 silly idealTree:prePrune ├── lodash.memoize@3.0.4
120 silly idealTree:prePrune ├── lodash@3.10.1
120 silly idealTree:prePrune ├── loose-envify@1.1.0
120 silly idealTree:prePrune ├── media-typer@0.3.0
120 silly idealTree:prePrune ├── merge-descriptors@1.0.1
120 silly idealTree:prePrune ├── methods@1.1.2
120 silly idealTree:prePrune ├── micromatch@2.3.7
120 silly idealTree:prePrune ├── miller-rabin@4.0.0
120 silly idealTree:prePrune ├── mime-db@1.22.0
120 silly idealTree:prePrune ├── mime-types@2.1.10
120 silly idealTree:prePrune ├── mime@1.3.4
120 silly idealTree:prePrune ├── minimalistic-assert@1.0.0
120 silly idealTree:prePrune ├── minimatch@2.0.10
120 silly idealTree:prePrune ├── minimist@1.2.0
120 silly idealTree:prePrune ├─┬ mkdirp@0.5.1
120 silly idealTree:prePrune │ └── minimist@0.0.8
120 silly idealTree:prePrune ├── module-deps@4.0.5
120 silly idealTree:prePrune ├── ms@0.7.1
120 silly idealTree:prePrune ├── nan@2.2.0
120 silly idealTree:prePrune ├── negotiator@0.5.3
120 silly idealTree:prePrune ├── normalize-path@2.0.1
120 silly idealTree:prePrune ├── number-is-nan@1.0.0
120 silly idealTree:prePrune ├── object-assign@4.0.1
120 silly idealTree:prePrune ├── object.omit@2.0.0
120 silly idealTree:prePrune ├── on-finished@2.3.0
120 silly idealTree:prePrune ├── once@1.3.3
120 silly idealTree:prePrune ├── os-browserify@0.1.2
120 silly idealTree:prePrune ├── os-tmpdir@1.0.1
120 silly idealTree:prePrune ├── outpipe@1.1.1
120 silly idealTree:prePrune ├── pako@0.2.8
120 silly idealTree:prePrune ├── parents@1.0.1
120 silly idealTree:prePrune ├── parse-asn1@5.0.0
120 silly idealTree:prePrune ├── parse-glob@3.0.4
120 silly idealTree:prePrune ├── parseurl@1.3.1
120 silly idealTree:prePrune ├── path-browserify@0.0.0
120 silly idealTree:prePrune ├── path-exists@1.0.0
120 silly idealTree:prePrune ├── path-is-absolute@1.0.0
120 silly idealTree:prePrune ├── path-platform@0.11.15
120 silly idealTree:prePrune ├── path-to-regexp@0.1.7
120 silly idealTree:prePrune ├── pbkdf2@3.0.4
120 silly idealTree:prePrune ├── preserve@0.2.0
120 silly idealTree:prePrune ├── private@0.1.6
120 silly idealTree:prePrune ├── process-nextick-args@1.0.6
120 silly idealTree:prePrune ├── process@0.11.2
120 silly idealTree:prePrune ├── promise@7.1.1
120 silly idealTree:prePrune ├── proxy-addr@1.0.10
120 silly idealTree:prePrune ├── public-encrypt@4.0.0
120 silly idealTree:prePrune ├── punycode@1.4.0
120 silly idealTree:prePrune ├── qs@4.0.0
120 silly idealTree:prePrune ├── querystring-es3@0.2.1
120 silly idealTree:prePrune ├── querystring@0.2.0
120 silly idealTree:prePrune ├── randomatic@1.1.5
120 silly idealTree:prePrune ├── randombytes@2.0.3
120 silly idealTree:prePrune ├── range-parser@1.0.3
120 silly idealTree:prePrune ├── react-dom@0.14.7
120 silly idealTree:prePrune ├── react@0.14.7
120 silly idealTree:prePrune ├── read-only-stream@2.0.0
120 silly idealTree:prePrune ├── readable-stream@2.0.5
120 silly idealTree:prePrune ├── readdirp@2.0.0
120 silly idealTree:prePrune ├── regex-cache@0.4.2
120 silly idealTree:prePrune ├── repeat-element@1.1.2
120 silly idealTree:prePrune ├── repeat-string@1.5.4
120 silly idealTree:prePrune ├── repeating@1.1.3
120 silly idealTree:prePrune ├── resolve@1.1.7
120 silly idealTree:prePrune ├── ripemd160@1.0.1
120 silly idealTree:prePrune ├── send@0.13.1
120 silly idealTree:prePrune ├── serve-static@1.10.2
120 silly idealTree:prePrune ├── sha.js@2.4.5
120 silly idealTree:prePrune ├── shasum@1.0.2
120 silly idealTree:prePrune ├── shebang-regex@1.0.0
120 silly idealTree:prePrune ├── shell-quote@1.4.3
120 silly idealTree:prePrune ├── slash@1.0.0
120 silly idealTree:prePrune ├─┬ source-map-support@0.2.10
120 silly idealTree:prePrune │ └── source-map@0.1.32
120 silly idealTree:prePrune ├── source-map@0.5.3
120 silly idealTree:prePrune ├── statuses@1.2.1
120 silly idealTree:prePrune ├── stream-browserify@2.0.1
120 silly idealTree:prePrune ├── stream-combiner2@1.1.1
120 silly idealTree:prePrune ├── stream-http@2.2.0
120 silly idealTree:prePrune ├── stream-splicer@2.0.0
120 silly idealTree:prePrune ├── string_decoder@0.10.31
120 silly idealTree:prePrune ├── strip-ansi@3.0.1
120 silly idealTree:prePrune ├── subarg@1.0.0
120 silly idealTree:prePrune ├── supports-color@2.0.0
120 silly idealTree:prePrune ├─┬ syntax-error@1.1.5
120 silly idealTree:prePrune │ └── acorn@2.7.0
120 silly idealTree:prePrune ├── through@2.3.8
120 silly idealTree:prePrune ├── through2@2.0.1
120 silly idealTree:prePrune ├── timers-browserify@1.4.2
120 silly idealTree:prePrune ├── to-arraybuffer@1.0.1
120 silly idealTree:prePrune ├── to-fast-properties@1.0.1
120 silly idealTree:prePrune ├── trim-right@1.0.1
120 silly idealTree:prePrune ├── tty-browserify@0.0.0
120 silly idealTree:prePrune ├── type-is@1.6.11
120 silly idealTree:prePrune ├── typedarray@0.0.6
120 silly idealTree:prePrune ├── ua-parser-js@0.7.10
120 silly idealTree:prePrune ├── umd@3.0.1
120 silly idealTree:prePrune ├── unpipe@1.0.0
120 silly idealTree:prePrune ├─┬ url@0.11.0
120 silly idealTree:prePrune │ └── punycode@1.3.2
120 silly idealTree:prePrune ├── user-home@1.1.1
120 silly idealTree:prePrune ├── util-deprecate@1.0.2
120 silly idealTree:prePrune ├── util@0.10.3
120 silly idealTree:prePrune ├── utils-merge@1.0.0
120 silly idealTree:prePrune ├── vary@1.0.1
120 silly idealTree:prePrune ├── vm-browserify@0.0.4
120 silly idealTree:prePrune ├── watchify@3.7.0
120 silly idealTree:prePrune ├── weui@0.3.0
120 silly idealTree:prePrune ├── whatwg-fetch@0.9.0
120 silly idealTree:prePrune ├── wrappy@1.0.1
120 silly idealTree:prePrune ├── xtend@4.0.1
120 silly idealTree:prePrune └── zrender@3.0.7
121 silly loadIdealTree Finishing
122 silly currentTree michael
122 silly currentTree ├── accepts@1.2.13
122 silly currentTree ├── acorn@1.2.2
122 silly currentTree ├── amdefine@1.0.0
122 silly currentTree ├── ansi-regex@2.0.0
122 silly currentTree ├── ansi-styles@2.2.0
122 silly currentTree ├── anymatch@1.3.0
122 silly currentTree ├── arr-diff@2.0.0
122 silly currentTree ├── arr-flatten@1.0.1
122 silly currentTree ├── array-filter@0.0.1
122 silly currentTree ├── array-flatten@1.1.1
122 silly currentTree ├── array-map@0.0.0
122 silly currentTree ├── array-reduce@0.0.0
122 silly currentTree ├── array-unique@0.2.1
122 silly currentTree ├── arrify@1.0.1
122 silly currentTree ├── asap@2.0.3
122 silly currentTree ├── asn1.js@4.5.1
122 silly currentTree ├── assert@1.3.0
122 silly currentTree ├── astw@2.0.0
122 silly currentTree ├── async-each@1.0.0
122 silly currentTree ├── babel-code-frame@6.6.0
122 silly currentTree ├── babel-core@6.6.4
122 silly currentTree ├── babel-generator@6.6.4
122 silly currentTree ├─┬ babel-helper-builder-react-jsx@6.6.5
122 silly currentTree │ ├── babel-code-frame@6.7.4
122 silly currentTree │ ├── babel-messages@6.7.2
122 silly currentTree │ ├── babel-traverse@6.7.4
122 silly currentTree │ ├── babel-types@6.7.2
122 silly currentTree │ └── babylon@6.7.0
122 silly currentTree ├── babel-helpers@6.6.0
122 silly currentTree ├── babel-messages@6.6.0
122 silly currentTree ├── babel-plugin-syntax-flow@6.5.0
122 silly currentTree ├── babel-plugin-syntax-jsx@6.5.0
122 silly currentTree ├── babel-plugin-transform-flow-strip-types@6.7.0
122 silly currentTree ├── babel-plugin-transform-react-display-name@6.5.0
122 silly currentTree ├── babel-plugin-transform-react-jsx-source@6.5.0
122 silly currentTree ├── babel-plugin-transform-react-jsx@6.7.4
122 silly currentTree ├── babel-preset-react@6.5.0
122 silly currentTree ├─┬ babel-register@6.6.0
122 silly currentTree │ └── core-js@2.1.3
122 silly currentTree ├── babel-runtime@5.8.35
122 silly currentTree ├── babel-template@6.6.4
122 silly currentTree ├── babel-traverse@6.6.4
122 silly currentTree ├── babel-types@6.6.4
122 silly currentTree ├── babelify@7.2.0
122 silly currentTree ├── babylon@6.6.4
122 silly currentTree ├── balanced-match@0.3.0
122 silly currentTree ├── base62@0.1.1
122 silly currentTree ├── base64-js@1.1.1
122 silly currentTree ├── binary-extensions@1.4.0
122 silly currentTree ├── bn.js@4.10.5
122 silly currentTree ├── brace-expansion@1.1.3
122 silly currentTree ├── braces@1.8.3
122 silly currentTree ├── brorand@1.0.5
122 silly currentTree ├── browser-pack@6.0.1
122 silly currentTree ├── browser-resolve@1.11.1
122 silly currentTree ├── browserify-aes@1.0.6
122 silly currentTree ├── browserify-cipher@1.0.0
122 silly currentTree ├── browserify-des@1.0.0
122 silly currentTree ├── browserify-rsa@4.0.1
122 silly currentTree ├── browserify-sign@4.0.0
122 silly currentTree ├── browserify-zlib@0.1.4
122 silly currentTree ├── browserify@13.0.0
122 silly currentTree ├── buffer-xor@1.0.3
122 silly currentTree ├─┬ buffer@4.5.0
122 silly currentTree │ └── isarray@1.0.0
122 silly currentTree ├── builtin-status-codes@2.0.0
122 silly currentTree ├── chalk@1.1.1
122 silly currentTree ├── chokidar@1.4.3
122 silly currentTree ├── cipher-base@1.0.2
122 silly currentTree ├── color-convert@1.0.0
122 silly currentTree ├─┬ combine-source-map@0.7.1
122 silly currentTree │ ├── convert-source-map@1.1.3
122 silly currentTree │ └── source-map@0.4.2
122 silly currentTree ├── concat-map@0.0.1
122 silly currentTree ├── concat-stream@1.5.1
122 silly currentTree ├── console-browserify@1.1.0
122 silly currentTree ├── constants-browserify@1.0.0
122 silly currentTree ├── content-disposition@0.5.1
122 silly currentTree ├── content-type@1.0.1
122 silly currentTree ├── convert-source-map@1.2.0
122 silly currentTree ├── cookie-signature@1.0.6
122 silly currentTree ├── cookie@0.1.5
122 silly currentTree ├── core-js@1.2.6
122 silly currentTree ├── core-util-is@1.0.2
122 silly currentTree ├── create-ecdh@4.0.0
122 silly currentTree ├── create-hash@1.1.2
122 silly currentTree ├── create-hmac@1.1.4
122 silly currentTree ├── crypto-browserify@3.11.0
122 silly currentTree ├── date-now@0.1.4
122 silly currentTree ├── debug@2.2.0
122 silly currentTree ├── defined@1.0.0
122 silly currentTree ├── depd@1.1.0
122 silly currentTree ├── deps-sort@2.0.0
122 silly currentTree ├── des.js@1.0.0
122 silly currentTree ├── destroy@1.0.4
122 silly currentTree ├── detect-indent@3.0.1
122 silly currentTree ├── detective@4.3.1
122 silly currentTree ├── diffie-hellman@5.0.2
122 silly currentTree ├── domain-browser@1.1.7
122 silly currentTree ├── duplexer2@0.1.4
122 silly currentTree ├── ee-first@1.1.1
122 silly currentTree ├── elliptic@6.2.3
122 silly currentTree ├── envify@3.4.0
122 silly currentTree ├── escape-html@1.0.3
122 silly currentTree ├── escape-string-regexp@1.0.5
122 silly currentTree ├── esprima-fb@13001.1001.0-dev-harmony-fb
122 silly currentTree ├── esutils@2.0.2
122 silly currentTree ├── etag@1.7.0
122 silly currentTree ├── events@1.1.0
122 silly currentTree ├── evp_bytestokey@1.0.0
122 silly currentTree ├── expand-brackets@0.1.4
122 silly currentTree ├── expand-range@1.8.1
122 silly currentTree ├── express@4.13.4
122 silly currentTree ├── extglob@0.3.2
122 silly currentTree ├── fbjs@0.6.1
122 silly currentTree ├── filename-regex@2.0.0
122 silly currentTree ├── fill-range@2.2.3
122 silly currentTree ├── finalhandler@0.4.1
122 silly currentTree ├── for-in@0.1.4
122 silly currentTree ├── for-own@0.1.3
122 silly currentTree ├── formidable@1.0.17
122 silly currentTree ├── forwarded@0.1.0
122 silly currentTree ├── fresh@0.3.0
122 silly currentTree ├─┬ fsevents@1.0.8
122 silly currentTree │ ├── ansi-regex@2.0.0
122 silly currentTree │ ├── ansi-styles@2.1.0
122 silly currentTree │ ├── ansi@0.3.1
122 silly currentTree │ ├── are-we-there-yet@1.0.6
122 silly currentTree │ ├── asn1@0.2.3
122 silly currentTree │ ├── assert-plus@0.2.0
122 silly currentTree │ ├── async@1.5.2
122 silly currentTree │ ├── aws-sign2@0.6.0
122 silly currentTree │ ├─┬ aws4@1.2.1
122 silly currentTree │ │ └── lru-cache@2.7.3
122 silly currentTree │ ├── bl@1.0.2
122 silly currentTree │ ├── block-stream@0.0.8
122 silly currentTree │ ├── boom@2.10.1
122 silly currentTree │ ├── caseless@0.11.0
122 silly currentTree │ ├── chalk@1.1.1
122 silly currentTree │ ├── combined-stream@1.0.5
122 silly currentTree │ ├── commander@2.9.0
122 silly currentTree │ ├── core-util-is@1.0.2
122 silly currentTree │ ├── cryptiles@2.0.5
122 silly currentTree │ ├── dashdash@1.12.2
122 silly currentTree │ ├── debug@2.2.0
122 silly currentTree │ ├── deep-extend@0.4.1
122 silly currentTree │ ├── delayed-stream@1.0.0
122 silly currentTree │ ├── delegates@1.0.0
122 silly currentTree │ ├── ecc-jsbn@0.1.1
122 silly currentTree │ ├── escape-string-regexp@1.0.4
122 silly currentTree │ ├── extend@3.0.0
122 silly currentTree │ ├── extsprintf@1.0.2
122 silly currentTree │ ├── forever-agent@0.6.1
122 silly currentTree │ ├── form-data@1.0.0-rc3
122 silly currentTree │ ├─┬ fstream-ignore@1.0.3
122 silly currentTree │ │ └─┬ minimatch@3.0.0
122 silly currentTree │ │   └─┬ brace-expansion@1.1.2
122 silly currentTree │ │     ├── balanced-match@0.3.0
122 silly currentTree │ │     └── concat-map@0.0.1
122 silly currentTree │ ├── fstream@1.0.8
122 silly currentTree │ ├── gauge@1.2.5
122 silly currentTree │ ├── generate-function@2.0.0
122 silly currentTree │ ├── generate-object-property@1.2.0
122 silly currentTree │ ├── graceful-fs@4.1.3
122 silly currentTree │ ├── graceful-readlink@1.0.1
122 silly currentTree │ ├── har-validator@2.0.6
122 silly currentTree │ ├── has-ansi@2.0.0
122 silly currentTree │ ├── has-unicode@2.0.0
122 silly currentTree │ ├── hawk@3.1.3
122 silly currentTree │ ├── hoek@2.16.3
122 silly currentTree │ ├── http-signature@1.1.1
122 silly currentTree │ ├── inherits@2.0.1
122 silly currentTree │ ├── ini@1.3.4
122 silly currentTree │ ├── is-my-json-valid@2.12.4
122 silly currentTree │ ├── is-property@1.0.2
122 silly currentTree │ ├── is-typedarray@1.0.0
122 silly currentTree │ ├── isarray@0.0.1
122 silly currentTree │ ├── isstream@0.1.2
122 silly currentTree │ ├── jodid25519@1.0.2
122 silly currentTree │ ├── jsbn@0.1.0
122 silly currentTree │ ├── json-schema@0.2.2
122 silly currentTree │ ├── json-stringify-safe@5.0.1
122 silly currentTree │ ├── jsonpointer@2.0.0
122 silly currentTree │ ├── jsprim@1.2.2
122 silly currentTree │ ├── lodash._basetostring@3.0.1
122 silly currentTree │ ├── lodash._createpadding@3.6.1
122 silly currentTree │ ├── lodash._root@3.0.0
122 silly currentTree │ ├── lodash.pad@3.3.0
122 silly currentTree │ ├── lodash.padleft@3.1.1
122 silly currentTree │ ├── lodash.padright@3.1.1
122 silly currentTree │ ├── lodash.repeat@3.2.0
122 silly currentTree │ ├── mime-db@1.21.0
122 silly currentTree │ ├── mime-types@2.1.9
122 silly currentTree │ ├── minimist@0.0.8
122 silly currentTree │ ├── mkdirp@0.5.1
122 silly currentTree │ ├── ms@0.7.1
122 silly currentTree │ ├─┬ node-pre-gyp@0.6.21
122 silly currentTree │ │ └─┬ nopt@3.0.6
122 silly currentTree │ │   └── abbrev@1.0.7
122 silly currentTree │ ├── node-uuid@1.4.7
122 silly currentTree │ ├── npmlog@2.0.2
122 silly currentTree │ ├── oauth-sign@0.8.1
122 silly currentTree │ ├── once@1.3.3
122 silly currentTree │ ├── pinkie-promise@2.0.0
122 silly currentTree │ ├── pinkie@2.0.4
122 silly currentTree │ ├── process-nextick-args@1.0.6
122 silly currentTree │ ├── qs@6.0.2
122 silly currentTree │ ├─┬ rc@1.1.6
122 silly currentTree │ │ └── minimist@1.2.0
122 silly currentTree │ ├── readable-stream@2.0.5
122 silly currentTree │ ├── request@2.69.0
122 silly currentTree │ ├─┬ rimraf@2.5.1
122 silly currentTree │ │ └─┬ glob@6.0.4
122 silly currentTree │ │   ├─┬ inflight@1.0.4
122 silly currentTree │ │   │ └── wrappy@1.0.1
122 silly currentTree │ │   ├── inherits@2.0.1
122 silly currentTree │ │   ├─┬ minimatch@3.0.0
122 silly currentTree │ │   │ └─┬ brace-expansion@1.1.2
122 silly currentTree │ │   │   ├── balanced-match@0.3.0
122 silly currentTree │ │   │   └── concat-map@0.0.1
122 silly currentTree │ │   ├─┬ once@1.3.3
122 silly currentTree │ │   │ └── wrappy@1.0.1
122 silly currentTree │ │   └── path-is-absolute@1.0.0
122 silly currentTree │ ├── semver@5.1.0
122 silly currentTree │ ├── sntp@1.0.9
122 silly currentTree │ ├── sshpk@1.7.3
122 silly currentTree │ ├── string_decoder@0.10.31
122 silly currentTree │ ├── stringstream@0.0.5
122 silly currentTree │ ├── strip-ansi@3.0.0
122 silly currentTree │ ├── strip-json-comments@1.0.4
122 silly currentTree │ ├── supports-color@2.0.0
122 silly currentTree │ ├── tar-pack@3.1.3
122 silly currentTree │ ├── tar@2.2.1
122 silly currentTree │ ├── tough-cookie@2.2.1
122 silly currentTree │ ├── tunnel-agent@0.4.2
122 silly currentTree │ ├── tweetnacl@0.13.3
122 silly currentTree │ ├── uid-number@0.0.6
122 silly currentTree │ ├── util-deprecate@1.0.2
122 silly currentTree │ ├── verror@1.3.6
122 silly currentTree │ ├── wrappy@1.0.1
122 silly currentTree │ └── xtend@4.0.1
122 silly currentTree ├── function-bind@1.1.0
122 silly currentTree ├── get-stdin@4.0.1
122 silly currentTree ├── glob-base@0.3.0
122 silly currentTree ├── glob-parent@2.0.0
122 silly currentTree ├── glob@5.0.15
122 silly currentTree ├── globals@8.18.0
122 silly currentTree ├── graceful-fs@4.1.3
122 silly currentTree ├── has-ansi@2.0.0
122 silly currentTree ├── has@1.0.1
122 silly currentTree ├── hash.js@1.0.3
122 silly currentTree ├── home-or-tmp@1.0.0
122 silly currentTree ├── htmlescape@1.1.0
122 silly currentTree ├── http-errors@1.3.1
122 silly currentTree ├── https-browserify@0.0.1
122 silly currentTree ├── ieee754@1.1.6
122 silly currentTree ├── indexof@0.0.1
122 silly currentTree ├── inflight@1.0.4
122 silly currentTree ├── inherits@2.0.1
122 silly currentTree ├─┬ inline-source-map@0.6.1
122 silly currentTree │ └── source-map@0.4.4
122 silly currentTree ├── insert-module-globals@7.0.1
122 silly currentTree ├── invariant@2.2.0
122 silly currentTree ├── ipaddr.js@1.0.5
122 silly currentTree ├── is-binary-path@1.0.1
122 silly currentTree ├── is-buffer@1.1.2
122 silly currentTree ├── is-dotfile@1.0.2
122 silly currentTree ├── is-equal-shallow@0.1.3
122 silly currentTree ├── is-extendable@0.1.1
122 silly currentTree ├── is-extglob@1.0.0
122 silly currentTree ├── is-finite@1.0.1
122 silly currentTree ├── is-glob@2.0.1
122 silly currentTree ├── is-integer@1.0.6
122 silly currentTree ├── is-number@2.1.0
122 silly currentTree ├── is-primitive@2.0.0
122 silly currentTree ├── isarray@0.0.1
122 silly currentTree ├── isobject@2.0.0
122 silly currentTree ├── js-tokens@1.0.2
122 silly currentTree ├── json-stable-stringify@0.0.1
122 silly currentTree ├── json5@0.4.0
122 silly currentTree ├── jsonify@0.0.0
122 silly currentTree ├── jsonparse@1.2.0
122 silly currentTree ├── JSONStream@1.1.1
122 silly currentTree ├─┬ jstransform@10.1.0
122 silly currentTree │ └── source-map@0.1.31
122 silly currentTree ├── kind-of@3.0.2
122 silly currentTree ├── labeled-stream-splicer@2.0.0
122 silly currentTree ├── left-pad@0.0.3
122 silly currentTree ├── lexical-scope@1.2.0
122 silly currentTree ├── line-numbers@0.2.0
122 silly currentTree ├── lodash.memoize@3.0.4
122 silly currentTree ├── lodash@3.10.1
122 silly currentTree ├── loose-envify@1.1.0
122 silly currentTree ├── media-typer@0.3.0
122 silly currentTree ├── merge-descriptors@1.0.1
122 silly currentTree ├── methods@1.1.2
122 silly currentTree ├── micromatch@2.3.7
122 silly currentTree ├── miller-rabin@4.0.0
122 silly currentTree ├── mime-db@1.22.0
122 silly currentTree ├── mime-types@2.1.10
122 silly currentTree ├── mime@1.3.4
122 silly currentTree ├── minimalistic-assert@1.0.0
122 silly currentTree ├── minimatch@2.0.10
122 silly currentTree ├── minimist@1.2.0
122 silly currentTree ├─┬ mkdirp@0.5.1
122 silly currentTree │ └── minimist@0.0.8
122 silly currentTree ├── module-deps@4.0.5
122 silly currentTree ├── ms@0.7.1
122 silly currentTree ├── nan@2.2.0
122 silly currentTree ├── negotiator@0.5.3
122 silly currentTree ├── normalize-path@2.0.1
122 silly currentTree ├── number-is-nan@1.0.0
122 silly currentTree ├── object-assign@4.0.1
122 silly currentTree ├── object.omit@2.0.0
122 silly currentTree ├── on-finished@2.3.0
122 silly currentTree ├── once@1.3.3
122 silly currentTree ├── os-browserify@0.1.2
122 silly currentTree ├── os-tmpdir@1.0.1
122 silly currentTree ├── outpipe@1.1.1
122 silly currentTree ├── pako@0.2.8
122 silly currentTree ├── parents@1.0.1
122 silly currentTree ├── parse-asn1@5.0.0
122 silly currentTree ├── parse-glob@3.0.4
122 silly currentTree ├── parseurl@1.3.1
122 silly currentTree ├── path-browserify@0.0.0
122 silly currentTree ├── path-exists@1.0.0
122 silly currentTree ├── path-is-absolute@1.0.0
122 silly currentTree ├── path-platform@0.11.15
122 silly currentTree ├── path-to-regexp@0.1.7
122 silly currentTree ├── pbkdf2@3.0.4
122 silly currentTree ├── preserve@0.2.0
122 silly currentTree ├── private@0.1.6
122 silly currentTree ├── process-nextick-args@1.0.6
122 silly currentTree ├── process@0.11.2
122 silly currentTree ├── promise@7.1.1
122 silly currentTree ├── proxy-addr@1.0.10
122 silly currentTree ├── public-encrypt@4.0.0
122 silly currentTree ├── punycode@1.4.0
122 silly currentTree ├── qs@4.0.0
122 silly currentTree ├── querystring-es3@0.2.1
122 silly currentTree ├── querystring@0.2.0
122 silly currentTree ├── randomatic@1.1.5
122 silly currentTree ├── randombytes@2.0.3
122 silly currentTree ├── range-parser@1.0.3
122 silly currentTree ├── react-dom@0.14.7
122 silly currentTree ├── react@0.14.7
122 silly currentTree ├── read-only-stream@2.0.0
122 silly currentTree ├── readable-stream@2.0.5
122 silly currentTree ├── readdirp@2.0.0
122 silly currentTree ├── regex-cache@0.4.2
122 silly currentTree ├── repeat-element@1.1.2
122 silly currentTree ├── repeat-string@1.5.4
122 silly currentTree ├── repeating@1.1.3
122 silly currentTree ├── resolve@1.1.7
122 silly currentTree ├── ripemd160@1.0.1
122 silly currentTree ├── send@0.13.1
122 silly currentTree ├── serve-static@1.10.2
122 silly currentTree ├── sha.js@2.4.5
122 silly currentTree ├── shasum@1.0.2
122 silly currentTree ├── shebang-regex@1.0.0
122 silly currentTree ├── shell-quote@1.4.3
122 silly currentTree ├── slash@1.0.0
122 silly currentTree ├─┬ source-map-support@0.2.10
122 silly currentTree │ └── source-map@0.1.32
122 silly currentTree ├── source-map@0.5.3
122 silly currentTree ├── statuses@1.2.1
122 silly currentTree ├── stream-browserify@2.0.1
122 silly currentTree ├── stream-combiner2@1.1.1
122 silly currentTree ├── stream-http@2.2.0
122 silly currentTree ├── stream-splicer@2.0.0
122 silly currentTree ├── string_decoder@0.10.31
122 silly currentTree ├── strip-ansi@3.0.1
122 silly currentTree ├── subarg@1.0.0
122 silly currentTree ├── supports-color@2.0.0
122 silly currentTree ├─┬ syntax-error@1.1.5
122 silly currentTree │ └── acorn@2.7.0
122 silly currentTree ├── through@2.3.8
122 silly currentTree ├── through2@2.0.1
122 silly currentTree ├── timers-browserify@1.4.2
122 silly currentTree ├── to-arraybuffer@1.0.1
122 silly currentTree ├── to-fast-properties@1.0.1
122 silly currentTree ├── trim-right@1.0.1
122 silly currentTree ├── tty-browserify@0.0.0
122 silly currentTree ├── type-is@1.6.11
122 silly currentTree ├── typedarray@0.0.6
122 silly currentTree ├── ua-parser-js@0.7.10
122 silly currentTree ├── umd@3.0.1
122 silly currentTree ├── unpipe@1.0.0
122 silly currentTree ├─┬ url@0.11.0
122 silly currentTree │ └── punycode@1.3.2
122 silly currentTree ├── user-home@1.1.1
122 silly currentTree ├── util-deprecate@1.0.2
122 silly currentTree ├── util@0.10.3
122 silly currentTree ├── utils-merge@1.0.0
122 silly currentTree ├── vary@1.0.1
122 silly currentTree ├── vm-browserify@0.0.4
122 silly currentTree ├── watchify@3.7.0
122 silly currentTree ├── weui@0.3.0
122 silly currentTree ├── whatwg-fetch@0.9.0
122 silly currentTree ├── wrappy@1.0.1
122 silly currentTree └── xtend@4.0.1
123 silly idealTree michael
123 silly idealTree ├── accepts@1.2.13
123 silly idealTree ├── acorn@1.2.2
123 silly idealTree ├── amdefine@1.0.0
123 silly idealTree ├── ansi-regex@2.0.0
123 silly idealTree ├── ansi-styles@2.2.0
123 silly idealTree ├── anymatch@1.3.0
123 silly idealTree ├── arr-diff@2.0.0
123 silly idealTree ├── arr-flatten@1.0.1
123 silly idealTree ├── array-filter@0.0.1
123 silly idealTree ├── array-flatten@1.1.1
123 silly idealTree ├── array-map@0.0.0
123 silly idealTree ├── array-reduce@0.0.0
123 silly idealTree ├── array-unique@0.2.1
123 silly idealTree ├── arrify@1.0.1
123 silly idealTree ├── asap@2.0.3
123 silly idealTree ├── asn1.js@4.5.1
123 silly idealTree ├── assert@1.3.0
123 silly idealTree ├── astw@2.0.0
123 silly idealTree ├── async-each@1.0.0
123 silly idealTree ├── babel-code-frame@6.6.0
123 silly idealTree ├── babel-core@6.6.4
123 silly idealTree ├── babel-generator@6.6.4
123 silly idealTree ├─┬ babel-helper-builder-react-jsx@6.6.5
123 silly idealTree │ ├── babel-code-frame@6.7.4
123 silly idealTree │ ├── babel-messages@6.7.2
123 silly idealTree │ ├── babel-traverse@6.7.4
123 silly idealTree │ ├── babel-types@6.7.2
123 silly idealTree │ └── babylon@6.7.0
123 silly idealTree ├── babel-helpers@6.6.0
123 silly idealTree ├── babel-messages@6.6.0
123 silly idealTree ├── babel-plugin-syntax-flow@6.5.0
123 silly idealTree ├── babel-plugin-syntax-jsx@6.5.0
123 silly idealTree ├── babel-plugin-transform-flow-strip-types@6.7.0
123 silly idealTree ├── babel-plugin-transform-react-display-name@6.5.0
123 silly idealTree ├── babel-plugin-transform-react-jsx-source@6.5.0
123 silly idealTree ├── babel-plugin-transform-react-jsx@6.7.4
123 silly idealTree ├── babel-preset-react@6.5.0
123 silly idealTree ├─┬ babel-register@6.6.0
123 silly idealTree │ └── core-js@2.1.3
123 silly idealTree ├── babel-runtime@5.8.35
123 silly idealTree ├── babel-template@6.6.4
123 silly idealTree ├── babel-traverse@6.6.4
123 silly idealTree ├── babel-types@6.6.4
123 silly idealTree ├── babelify@7.2.0
123 silly idealTree ├── babylon@6.6.4
123 silly idealTree ├── balanced-match@0.3.0
123 silly idealTree ├── base62@0.1.1
123 silly idealTree ├── base64-js@1.1.1
123 silly idealTree ├── binary-extensions@1.4.0
123 silly idealTree ├── bn.js@4.10.5
123 silly idealTree ├── brace-expansion@1.1.3
123 silly idealTree ├── braces@1.8.3
123 silly idealTree ├── brorand@1.0.5
123 silly idealTree ├── browser-pack@6.0.1
123 silly idealTree ├── browser-resolve@1.11.1
123 silly idealTree ├── browserify-aes@1.0.6
123 silly idealTree ├── browserify-cipher@1.0.0
123 silly idealTree ├── browserify-des@1.0.0
123 silly idealTree ├── browserify-rsa@4.0.1
123 silly idealTree ├── browserify-sign@4.0.0
123 silly idealTree ├── browserify-zlib@0.1.4
123 silly idealTree ├── browserify@13.0.0
123 silly idealTree ├── buffer-xor@1.0.3
123 silly idealTree ├─┬ buffer@4.5.0
123 silly idealTree │ └── isarray@1.0.0
123 silly idealTree ├── builtin-status-codes@2.0.0
123 silly idealTree ├── chalk@1.1.1
123 silly idealTree ├── chokidar@1.4.3
123 silly idealTree ├── cipher-base@1.0.2
123 silly idealTree ├── color-convert@1.0.0
123 silly idealTree ├─┬ combine-source-map@0.7.1
123 silly idealTree │ ├── convert-source-map@1.1.3
123 silly idealTree │ └── source-map@0.4.2
123 silly idealTree ├── concat-map@0.0.1
123 silly idealTree ├── concat-stream@1.5.1
123 silly idealTree ├── console-browserify@1.1.0
123 silly idealTree ├── constants-browserify@1.0.0
123 silly idealTree ├── content-disposition@0.5.1
123 silly idealTree ├── content-type@1.0.1
123 silly idealTree ├── convert-source-map@1.2.0
123 silly idealTree ├── cookie-signature@1.0.6
123 silly idealTree ├── cookie@0.1.5
123 silly idealTree ├── core-js@1.2.6
123 silly idealTree ├── core-util-is@1.0.2
123 silly idealTree ├── create-ecdh@4.0.0
123 silly idealTree ├── create-hash@1.1.2
123 silly idealTree ├── create-hmac@1.1.4
123 silly idealTree ├── crypto-browserify@3.11.0
123 silly idealTree ├── date-now@0.1.4
123 silly idealTree ├── debug@2.2.0
123 silly idealTree ├── defined@1.0.0
123 silly idealTree ├── depd@1.1.0
123 silly idealTree ├── deps-sort@2.0.0
123 silly idealTree ├── des.js@1.0.0
123 silly idealTree ├── destroy@1.0.4
123 silly idealTree ├── detect-indent@3.0.1
123 silly idealTree ├── detective@4.3.1
123 silly idealTree ├── diffie-hellman@5.0.2
123 silly idealTree ├── domain-browser@1.1.7
123 silly idealTree ├── duplexer2@0.1.4
123 silly idealTree ├── echarts@3.1.6
123 silly idealTree ├── ee-first@1.1.1
123 silly idealTree ├── elliptic@6.2.3
123 silly idealTree ├── envify@3.4.0
123 silly idealTree ├── escape-html@1.0.3
123 silly idealTree ├── escape-string-regexp@1.0.5
123 silly idealTree ├── esprima-fb@13001.1001.0-dev-harmony-fb
123 silly idealTree ├── esutils@2.0.2
123 silly idealTree ├── etag@1.7.0
123 silly idealTree ├── events@1.1.0
123 silly idealTree ├── evp_bytestokey@1.0.0
123 silly idealTree ├── expand-brackets@0.1.4
123 silly idealTree ├── expand-range@1.8.1
123 silly idealTree ├── express@4.13.4
123 silly idealTree ├── extglob@0.3.2
123 silly idealTree ├── fbjs@0.6.1
123 silly idealTree ├── filename-regex@2.0.0
123 silly idealTree ├── fill-range@2.2.3
123 silly idealTree ├── finalhandler@0.4.1
123 silly idealTree ├── for-in@0.1.4
123 silly idealTree ├── for-own@0.1.3
123 silly idealTree ├── formidable@1.0.17
123 silly idealTree ├── forwarded@0.1.0
123 silly idealTree ├── fresh@0.3.0
123 silly idealTree ├─┬ fsevents@1.0.8
123 silly idealTree │ ├── ansi-regex@2.0.0
123 silly idealTree │ ├── ansi-styles@2.1.0
123 silly idealTree │ ├── ansi@0.3.1
123 silly idealTree │ ├── are-we-there-yet@1.0.6
123 silly idealTree │ ├── asn1@0.2.3
123 silly idealTree │ ├── assert-plus@0.2.0
123 silly idealTree │ ├── async@1.5.2
123 silly idealTree │ ├── aws-sign2@0.6.0
123 silly idealTree │ ├─┬ aws4@1.2.1
123 silly idealTree │ │ └── lru-cache@2.7.3
123 silly idealTree │ ├── bl@1.0.2
123 silly idealTree │ ├── block-stream@0.0.8
123 silly idealTree │ ├── boom@2.10.1
123 silly idealTree │ ├── caseless@0.11.0
123 silly idealTree │ ├── chalk@1.1.1
123 silly idealTree │ ├── combined-stream@1.0.5
123 silly idealTree │ ├── commander@2.9.0
123 silly idealTree │ ├── core-util-is@1.0.2
123 silly idealTree │ ├── cryptiles@2.0.5
123 silly idealTree │ ├── dashdash@1.12.2
123 silly idealTree │ ├── debug@2.2.0
123 silly idealTree │ ├── deep-extend@0.4.1
123 silly idealTree │ ├── delayed-stream@1.0.0
123 silly idealTree │ ├── delegates@1.0.0
123 silly idealTree │ ├── ecc-jsbn@0.1.1
123 silly idealTree │ ├── escape-string-regexp@1.0.4
123 silly idealTree │ ├── extend@3.0.0
123 silly idealTree │ ├── extsprintf@1.0.2
123 silly idealTree │ ├── forever-agent@0.6.1
123 silly idealTree │ ├── form-data@1.0.0-rc3
123 silly idealTree │ ├─┬ fstream-ignore@1.0.3
123 silly idealTree │ │ └─┬ minimatch@3.0.0
123 silly idealTree │ │   └─┬ brace-expansion@1.1.2
123 silly idealTree │ │     ├── balanced-match@0.3.0
123 silly idealTree │ │     └── concat-map@0.0.1
123 silly idealTree │ ├── fstream@1.0.8
123 silly idealTree │ ├── gauge@1.2.5
123 silly idealTree │ ├── generate-function@2.0.0
123 silly idealTree │ ├── generate-object-property@1.2.0
123 silly idealTree │ ├── graceful-fs@4.1.3
123 silly idealTree │ ├── graceful-readlink@1.0.1
123 silly idealTree │ ├── har-validator@2.0.6
123 silly idealTree │ ├── has-ansi@2.0.0
123 silly idealTree │ ├── has-unicode@2.0.0
123 silly idealTree │ ├── hawk@3.1.3
123 silly idealTree │ ├── hoek@2.16.3
123 silly idealTree │ ├── http-signature@1.1.1
123 silly idealTree │ ├── inherits@2.0.1
123 silly idealTree │ ├── ini@1.3.4
123 silly idealTree │ ├── is-my-json-valid@2.12.4
123 silly idealTree │ ├── is-property@1.0.2
123 silly idealTree │ ├── is-typedarray@1.0.0
123 silly idealTree │ ├── isarray@0.0.1
123 silly idealTree │ ├── isstream@0.1.2
123 silly idealTree │ ├── jodid25519@1.0.2
123 silly idealTree │ ├── jsbn@0.1.0
123 silly idealTree │ ├── json-schema@0.2.2
123 silly idealTree │ ├── json-stringify-safe@5.0.1
123 silly idealTree │ ├── jsonpointer@2.0.0
123 silly idealTree │ ├── jsprim@1.2.2
123 silly idealTree │ ├── lodash._basetostring@3.0.1
123 silly idealTree │ ├── lodash._createpadding@3.6.1
123 silly idealTree │ ├── lodash._root@3.0.0
123 silly idealTree │ ├── lodash.pad@3.3.0
123 silly idealTree │ ├── lodash.padleft@3.1.1
123 silly idealTree │ ├── lodash.padright@3.1.1
123 silly idealTree │ ├── lodash.repeat@3.2.0
123 silly idealTree │ ├── mime-db@1.21.0
123 silly idealTree │ ├── mime-types@2.1.9
123 silly idealTree │ ├── minimist@0.0.8
123 silly idealTree │ ├── mkdirp@0.5.1
123 silly idealTree │ ├── ms@0.7.1
123 silly idealTree │ ├─┬ node-pre-gyp@0.6.21
123 silly idealTree │ │ └─┬ nopt@3.0.6
123 silly idealTree │ │   └── abbrev@1.0.7
123 silly idealTree │ ├── node-uuid@1.4.7
123 silly idealTree │ ├── npmlog@2.0.2
123 silly idealTree │ ├── oauth-sign@0.8.1
123 silly idealTree │ ├── once@1.3.3
123 silly idealTree │ ├── pinkie-promise@2.0.0
123 silly idealTree │ ├── pinkie@2.0.4
123 silly idealTree │ ├── process-nextick-args@1.0.6
123 silly idealTree │ ├── qs@6.0.2
123 silly idealTree │ ├─┬ rc@1.1.6
123 silly idealTree │ │ └── minimist@1.2.0
123 silly idealTree │ ├── readable-stream@2.0.5
123 silly idealTree │ ├── request@2.69.0
123 silly idealTree │ ├─┬ rimraf@2.5.1
123 silly idealTree │ │ └─┬ glob@6.0.4
123 silly idealTree │ │   ├─┬ inflight@1.0.4
123 silly idealTree │ │   │ └── wrappy@1.0.1
123 silly idealTree │ │   ├── inherits@2.0.1
123 silly idealTree │ │   ├─┬ minimatch@3.0.0
123 silly idealTree │ │   │ └─┬ brace-expansion@1.1.2
123 silly idealTree │ │   │   ├── balanced-match@0.3.0
123 silly idealTree │ │   │   └── concat-map@0.0.1
123 silly idealTree │ │   ├─┬ once@1.3.3
123 silly idealTree │ │   │ └── wrappy@1.0.1
123 silly idealTree │ │   └── path-is-absolute@1.0.0
123 silly idealTree │ ├── semver@5.1.0
123 silly idealTree │ ├── sntp@1.0.9
123 silly idealTree │ ├── sshpk@1.7.3
123 silly idealTree │ ├── string_decoder@0.10.31
123 silly idealTree │ ├── stringstream@0.0.5
123 silly idealTree │ ├── strip-ansi@3.0.0
123 silly idealTree │ ├── strip-json-comments@1.0.4
123 silly idealTree │ ├── supports-color@2.0.0
123 silly idealTree │ ├── tar-pack@3.1.3
123 silly idealTree │ ├── tar@2.2.1
123 silly idealTree │ ├── tough-cookie@2.2.1
123 silly idealTree │ ├── tunnel-agent@0.4.2
123 silly idealTree │ ├── tweetnacl@0.13.3
123 silly idealTree │ ├── uid-number@0.0.6
123 silly idealTree │ ├── util-deprecate@1.0.2
123 silly idealTree │ ├── verror@1.3.6
123 silly idealTree │ ├── wrappy@1.0.1
123 silly idealTree │ └── xtend@4.0.1
123 silly idealTree ├── function-bind@1.1.0
123 silly idealTree ├── get-stdin@4.0.1
123 silly idealTree ├── glob-base@0.3.0
123 silly idealTree ├── glob-parent@2.0.0
123 silly idealTree ├── glob@5.0.15
123 silly idealTree ├── globals@8.18.0
123 silly idealTree ├── graceful-fs@4.1.3
123 silly idealTree ├── has-ansi@2.0.0
123 silly idealTree ├── has@1.0.1
123 silly idealTree ├── hash.js@1.0.3
123 silly idealTree ├── home-or-tmp@1.0.0
123 silly idealTree ├── htmlescape@1.1.0
123 silly idealTree ├── http-errors@1.3.1
123 silly idealTree ├── https-browserify@0.0.1
123 silly idealTree ├── ieee754@1.1.6
123 silly idealTree ├── indexof@0.0.1
123 silly idealTree ├── inflight@1.0.4
123 silly idealTree ├── inherits@2.0.1
123 silly idealTree ├─┬ inline-source-map@0.6.1
123 silly idealTree │ └── source-map@0.4.4
123 silly idealTree ├── insert-module-globals@7.0.1
123 silly idealTree ├── invariant@2.2.0
123 silly idealTree ├── ipaddr.js@1.0.5
123 silly idealTree ├── is-binary-path@1.0.1
123 silly idealTree ├── is-buffer@1.1.2
123 silly idealTree ├── is-dotfile@1.0.2
123 silly idealTree ├── is-equal-shallow@0.1.3
123 silly idealTree ├── is-extendable@0.1.1
123 silly idealTree ├── is-extglob@1.0.0
123 silly idealTree ├── is-finite@1.0.1
123 silly idealTree ├── is-glob@2.0.1
123 silly idealTree ├── is-integer@1.0.6
123 silly idealTree ├── is-number@2.1.0
123 silly idealTree ├── is-primitive@2.0.0
123 silly idealTree ├── isarray@0.0.1
123 silly idealTree ├── isobject@2.0.0
123 silly idealTree ├── js-tokens@1.0.2
123 silly idealTree ├── json-stable-stringify@0.0.1
123 silly idealTree ├── json5@0.4.0
123 silly idealTree ├── jsonify@0.0.0
123 silly idealTree ├── jsonparse@1.2.0
123 silly idealTree ├── JSONStream@1.1.1
123 silly idealTree ├─┬ jstransform@10.1.0
123 silly idealTree │ └── source-map@0.1.31
123 silly idealTree ├── kind-of@3.0.2
123 silly idealTree ├── labeled-stream-splicer@2.0.0
123 silly idealTree ├── left-pad@0.0.3
123 silly idealTree ├── lexical-scope@1.2.0
123 silly idealTree ├── line-numbers@0.2.0
123 silly idealTree ├── lodash.memoize@3.0.4
123 silly idealTree ├── lodash@3.10.1
123 silly idealTree ├── loose-envify@1.1.0
123 silly idealTree ├── media-typer@0.3.0
123 silly idealTree ├── merge-descriptors@1.0.1
123 silly idealTree ├── methods@1.1.2
123 silly idealTree ├── micromatch@2.3.7
123 silly idealTree ├── miller-rabin@4.0.0
123 silly idealTree ├── mime-db@1.22.0
123 silly idealTree ├── mime-types@2.1.10
123 silly idealTree ├── mime@1.3.4
123 silly idealTree ├── minimalistic-assert@1.0.0
123 silly idealTree ├── minimatch@2.0.10
123 silly idealTree ├── minimist@1.2.0
123 silly idealTree ├─┬ mkdirp@0.5.1
123 silly idealTree │ └── minimist@0.0.8
123 silly idealTree ├── module-deps@4.0.5
123 silly idealTree ├── ms@0.7.1
123 silly idealTree ├── nan@2.2.0
123 silly idealTree ├── negotiator@0.5.3
123 silly idealTree ├── normalize-path@2.0.1
123 silly idealTree ├── number-is-nan@1.0.0
123 silly idealTree ├── object-assign@4.0.1
123 silly idealTree ├── object.omit@2.0.0
123 silly idealTree ├── on-finished@2.3.0
123 silly idealTree ├── once@1.3.3
123 silly idealTree ├── os-browserify@0.1.2
123 silly idealTree ├── os-tmpdir@1.0.1
123 silly idealTree ├── outpipe@1.1.1
123 silly idealTree ├── pako@0.2.8
123 silly idealTree ├── parents@1.0.1
123 silly idealTree ├── parse-asn1@5.0.0
123 silly idealTree ├── parse-glob@3.0.4
123 silly idealTree ├── parseurl@1.3.1
123 silly idealTree ├── path-browserify@0.0.0
123 silly idealTree ├── path-exists@1.0.0
123 silly idealTree ├── path-is-absolute@1.0.0
123 silly idealTree ├── path-platform@0.11.15
123 silly idealTree ├── path-to-regexp@0.1.7
123 silly idealTree ├── pbkdf2@3.0.4
123 silly idealTree ├── preserve@0.2.0
123 silly idealTree ├── private@0.1.6
123 silly idealTree ├── process-nextick-args@1.0.6
123 silly idealTree ├── process@0.11.2
123 silly idealTree ├── promise@7.1.1
123 silly idealTree ├── proxy-addr@1.0.10
123 silly idealTree ├── public-encrypt@4.0.0
123 silly idealTree ├── punycode@1.4.0
123 silly idealTree ├── qs@4.0.0
123 silly idealTree ├── querystring-es3@0.2.1
123 silly idealTree ├── querystring@0.2.0
123 silly idealTree ├── randomatic@1.1.5
123 silly idealTree ├── randombytes@2.0.3
123 silly idealTree ├── range-parser@1.0.3
123 silly idealTree ├── react-dom@0.14.7
123 silly idealTree ├── react@0.14.7
123 silly idealTree ├── read-only-stream@2.0.0
123 silly idealTree ├── readable-stream@2.0.5
123 silly idealTree ├── readdirp@2.0.0
123 silly idealTree ├── regex-cache@0.4.2
123 silly idealTree ├── repeat-element@1.1.2
123 silly idealTree ├── repeat-string@1.5.4
123 silly idealTree ├── repeating@1.1.3
123 silly idealTree ├── resolve@1.1.7
123 silly idealTree ├── ripemd160@1.0.1
123 silly idealTree ├── send@0.13.1
123 silly idealTree ├── serve-static@1.10.2
123 silly idealTree ├── sha.js@2.4.5
123 silly idealTree ├── shasum@1.0.2
123 silly idealTree ├── shebang-regex@1.0.0
123 silly idealTree ├── shell-quote@1.4.3
123 silly idealTree ├── slash@1.0.0
123 silly idealTree ├─┬ source-map-support@0.2.10
123 silly idealTree │ └── source-map@0.1.32
123 silly idealTree ├── source-map@0.5.3
123 silly idealTree ├── statuses@1.2.1
123 silly idealTree ├── stream-browserify@2.0.1
123 silly idealTree ├── stream-combiner2@1.1.1
123 silly idealTree ├── stream-http@2.2.0
123 silly idealTree ├── stream-splicer@2.0.0
123 silly idealTree ├── string_decoder@0.10.31
123 silly idealTree ├── strip-ansi@3.0.1
123 silly idealTree ├── subarg@1.0.0
123 silly idealTree ├── supports-color@2.0.0
123 silly idealTree ├─┬ syntax-error@1.1.5
123 silly idealTree │ └── acorn@2.7.0
123 silly idealTree ├── through@2.3.8
123 silly idealTree ├── through2@2.0.1
123 silly idealTree ├── timers-browserify@1.4.2
123 silly idealTree ├── to-arraybuffer@1.0.1
123 silly idealTree ├── to-fast-properties@1.0.1
123 silly idealTree ├── trim-right@1.0.1
123 silly idealTree ├── tty-browserify@0.0.0
123 silly idealTree ├── type-is@1.6.11
123 silly idealTree ├── typedarray@0.0.6
123 silly idealTree ├── ua-parser-js@0.7.10
123 silly idealTree ├── umd@3.0.1
123 silly idealTree ├── unpipe@1.0.0
123 silly idealTree ├─┬ url@0.11.0
123 silly idealTree │ └── punycode@1.3.2
123 silly idealTree ├── user-home@1.1.1
123 silly idealTree ├── util-deprecate@1.0.2
123 silly idealTree ├── util@0.10.3
123 silly idealTree ├── utils-merge@1.0.0
123 silly idealTree ├── vary@1.0.1
123 silly idealTree ├── vm-browserify@0.0.4
123 silly idealTree ├── watchify@3.7.0
123 silly idealTree ├── weui@0.3.0
123 silly idealTree ├── whatwg-fetch@0.9.0
123 silly idealTree ├── wrappy@1.0.1
123 silly idealTree ├── xtend@4.0.1
123 silly idealTree └── zrender@3.0.7
124 silly generateActionsToTake Starting
125 silly install generateActionsToTake
126 warn checkPermissions Missing write access to /Users/michael/node_modules
127 silly rollbackFailedOptional Starting
128 silly rollbackFailedOptional Finishing
129 silly runTopLevelLifecycles Starting
130 silly runTopLevelLifecycles Finishing
131 silly install printInstalled
132 warn enoent ENOENT: no such file or directory, open '/Users/michael/package.json'
133 warn michael No description
134 warn michael No repository field.
135 warn michael No README data
136 warn michael No license field.
137 verbose stack Error: EACCES: permission denied, access '/Users/michael/node_modules'
137 verbose stack     at Error (native)
138 verbose cwd /Users/michael/Documents/MyWorks/leoedu/js
139 error Darwin 15.3.0
140 error argv "/usr/local/bin/node" "/usr/local/bin/npm" "install" "echarts" "--save"
141 error node v5.6.0
142 error npm  v3.8.0
143 error path /Users/michael/node_modules
144 error code EACCES
145 error errno -13
146 error syscall access
147 error Error: EACCES: permission denied, access '/Users/michael/node_modules'
147 error     at Error (native)
147 error  { [Error: EACCES: permission denied, access '/Users/michael/node_modules']
147 error   errno: -13,
147 error   code: 'EACCES',
147 error   syscall: 'access',
147 error   path: '/Users/michael/node_modules' }
148 error Please try running this command again as root/Administrator.
149 verbose exit [ -13, true ]
